<?xml version="1.0" encoding="UTF-8"?>
<testsuite name="ExtractTest" tests="1" skipped="0" failures="0" errors="0" timestamp="2021-07-11T13:34:16" hostname="Domrevs-MacBook-Pro-2.local" time="3.147">
  <properties/>
  <testcase name="load all products  to mem" classname="ExtractTest" time="3.147"/>
  <system-out><![CDATA[]]></system-out>
  <system-err><![CDATA[]]></system-err>
</testsuite>
